2025-06-20 22:53:55 [main] INFO  Log - Setting up WebDriver...
2025-06-20 22:53:56 [main] INFO  Log - Navigating to test URL
2025-06-20 22:53:58 [main] INFO  Log - Starting register test...
2025-06-20 22:53:58 [main] INFO  Log - clicking Register page link
2025-06-20 22:53:58 [main] INFO  Log - Adding personal details
2025-06-20 22:53:58 [main] INFO  Log - Selecting gender...
2025-06-20 22:53:58 [main] INFO  Log - Adding company details
2025-06-20 22:53:58 [main] INFO  Log - unclick Newsletter button
2025-06-20 22:53:59 [main] INFO  Log - Adding Password
2025-06-20 22:53:59 [main] INFO  Log - Closing the Browser
2025-06-20 22:55:03 [main] INFO  Log - Setting up WebDriver...
2025-06-20 22:55:04 [main] INFO  Log - Navigating to test URL
2025-06-20 22:55:05 [main] INFO  Log - Starting register test...
2025-06-20 22:55:05 [main] INFO  Log - clicking Register page link
2025-06-20 22:55:06 [main] INFO  Log - Adding personal details
2025-06-20 22:55:06 [main] INFO  Log - Selecting gender...
2025-06-20 22:55:16 [main] INFO  Log - Closing the Browser
2025-06-20 22:55:45 [main] INFO  Log - Setting up WebDriver...
2025-06-20 22:55:46 [main] INFO  Log - Navigating to test URL
2025-06-20 22:55:47 [main] INFO  Log - Starting register test...
2025-06-20 22:55:47 [main] INFO  Log - clicking Register page link
2025-06-20 22:55:48 [main] INFO  Log - Adding personal details
2025-06-20 22:55:48 [main] INFO  Log - Selecting gender...
2025-06-20 22:55:58 [main] INFO  Log - Closing the Browser
2025-06-20 22:56:31 [main] INFO  Log - Setting up WebDriver...
2025-06-20 22:56:32 [main] INFO  Log - Navigating to test URL
2025-06-20 22:56:33 [main] INFO  Log - Starting register test...
2025-06-20 22:56:33 [main] INFO  Log - clicking Register page link
2025-06-20 22:56:34 [main] INFO  Log - Adding personal details
2025-06-20 22:56:34 [main] INFO  Log - Selecting gender...
2025-06-20 22:56:44 [main] INFO  Log - Closing the Browser
2025-06-20 22:56:44 [main] INFO  Log - Setting up WebDriver...
2025-06-20 22:56:45 [main] INFO  Log - Navigating to test URL
2025-06-20 22:56:46 [main] INFO  Log - Starting register test...
2025-06-20 22:56:46 [main] INFO  Log - clicking Register page link
2025-06-20 22:56:47 [main] INFO  Log - Adding personal details
2025-06-20 22:56:47 [main] INFO  Log - Selecting gender...
2025-06-20 22:56:47 [main] INFO  Log - Adding company details
2025-06-20 22:56:47 [main] INFO  Log - unclick Newsletter button
2025-06-20 22:56:47 [main] INFO  Log - Adding Password
2025-06-20 22:56:48 [main] INFO  Log - Closing the Browser
2025-06-20 22:56:48 [main] INFO  Log - Setting up WebDriver...
2025-06-20 22:56:48 [main] INFO  Log - Navigating to test URL
2025-06-20 22:56:49 [main] INFO  Log - Starting register test...
2025-06-20 22:56:49 [main] INFO  Log - clicking Register page link
2025-06-20 22:56:50 [main] INFO  Log - Adding personal details
2025-06-20 22:56:50 [main] INFO  Log - Selecting gender...
2025-06-20 22:56:50 [main] INFO  Log - Adding company details
2025-06-20 22:56:50 [main] INFO  Log - unclick Newsletter button
2025-06-20 22:56:50 [main] INFO  Log - Adding Password
2025-06-20 22:56:50 [main] INFO  Log - Closing the Browser
2025-06-20 23:03:35 [main] INFO  Log - Setting up WebDriver...
2025-06-20 23:03:36 [main] INFO  Log - Navigating to test URL
2025-06-20 23:03:37 [main] INFO  Log - Starting register test...
2025-06-20 23:03:37 [main] INFO  Log - clicking Register page link
2025-06-20 23:03:38 [main] INFO  Log - Adding personal details
2025-06-20 23:03:38 [main] INFO  Log - Selecting gender...
2025-06-20 23:03:53 [main] INFO  Log - Setting up WebDriver...
2025-06-20 23:03:54 [main] INFO  Log - Navigating to test URL
2025-06-20 23:03:55 [main] INFO  Log - Starting register test...
2025-06-20 23:03:55 [main] INFO  Log - clicking Register page link
2025-06-20 23:03:56 [main] INFO  Log - Adding personal details
2025-06-20 23:03:56 [main] INFO  Log - Selecting gender...
2025-06-20 23:03:56 [main] INFO  Log - Adding company details
2025-06-20 23:03:56 [main] INFO  Log - unclick Newsletter button
2025-06-20 23:03:56 [main] INFO  Log - Adding Password
2025-06-20 23:03:56 [main] INFO  Log - Register test completed.
2025-06-20 23:03:56 [main] INFO  Log - Closing the Browser
2025-06-20 23:05:03 [main] INFO  Log - Setting up WebDriver...
2025-06-20 23:05:04 [main] INFO  Log - Navigating to test URL
2025-06-20 23:05:05 [main] INFO  Log - Starting register test...
2025-06-20 23:05:05 [main] INFO  Log - clicking Register page link
2025-06-20 23:05:07 [main] INFO  Log - Adding personal details
2025-06-20 23:05:07 [main] INFO  Log - Selecting gender...
2025-06-20 23:05:07 [main] INFO  Log - Adding company details
2025-06-20 23:05:07 [main] INFO  Log - unclick Newsletter button
2025-06-20 23:05:07 [main] INFO  Log - Adding Password
2025-06-20 23:05:07 [main] INFO  Log - Register test completed.
2025-06-20 23:05:07 [main] INFO  Log - Closing the Browser
2025-06-20 23:07:06 [main] INFO  Log - Setting up WebDriver...
2025-06-20 23:07:07 [main] INFO  Log - Navigating to test URL
2025-06-20 23:07:08 [main] INFO  Log - Starting register test...
2025-06-20 23:07:08 [main] INFO  Log - clicking Register page link
2025-06-20 23:07:09 [main] INFO  Log - Adding personal details
2025-06-20 23:07:09 [main] INFO  Log - Selecting gender...
2025-06-20 23:07:22 [main] INFO  Log - Setting up WebDriver...
2025-06-20 23:07:23 [main] INFO  Log - Navigating to test URL
2025-06-20 23:07:25 [main] INFO  Log - Starting register test...
2025-06-20 23:07:25 [main] INFO  Log - clicking Register page link
2025-06-20 23:07:25 [main] INFO  Log - Adding personal details
2025-06-20 23:07:25 [main] INFO  Log - Selecting gender...
2025-06-20 23:07:26 [main] INFO  Log - Adding company details
2025-06-20 23:07:26 [main] INFO  Log - unclick Newsletter button
2025-06-20 23:07:26 [main] INFO  Log - Adding Password
2025-06-20 23:07:26 [main] INFO  Log - Register test completed.
2025-06-20 23:07:26 [main] INFO  Log - Closing the Browser
2025-06-20 23:07:26 [main] INFO  Log - Setting up WebDriver...
2025-06-20 23:07:27 [main] INFO  Log - Navigating to test URL
2025-06-20 23:07:28 [main] INFO  Log - Starting register test...
2025-06-20 23:07:28 [main] INFO  Log - clicking Register page link
2025-06-20 23:07:28 [main] INFO  Log - Adding personal details
2025-06-20 23:07:28 [main] INFO  Log - Selecting gender...
2025-06-20 23:07:29 [main] INFO  Log - Adding company details
2025-06-20 23:07:29 [main] INFO  Log - unclick Newsletter button
2025-06-20 23:07:29 [main] INFO  Log - Adding Password
2025-06-20 23:07:29 [main] INFO  Log - Register test completed.
2025-06-20 23:07:29 [main] INFO  Log - Closing the Browser
2025-06-20 23:10:48 [main] INFO  Log - Setting up WebDriver...
2025-06-20 23:10:50 [main] INFO  Log - Navigating to test URL
2025-06-20 23:10:51 [main] INFO  Log - Starting register test...
2025-06-20 23:10:51 [main] INFO  Log - clicking Register page link
2025-06-20 23:10:52 [main] INFO  Log - Adding personal details
2025-06-20 23:10:52 [main] INFO  Log - Selecting gender...
2025-06-20 23:11:05 [main] INFO  Log - Setting up WebDriver...
2025-06-20 23:11:06 [main] INFO  Log - Navigating to test URL
2025-06-20 23:11:07 [main] INFO  Log - Starting register test...
2025-06-20 23:11:07 [main] INFO  Log - clicking Register page link
2025-06-20 23:11:07 [main] INFO  Log - Adding personal details
2025-06-20 23:11:07 [main] INFO  Log - Selecting gender...
2025-06-20 23:11:08 [main] INFO  Log - Adding company details
2025-06-20 23:11:08 [main] INFO  Log - unclick Newsletter button
2025-06-20 23:11:08 [main] INFO  Log - Adding Password
2025-06-20 23:11:08 [main] INFO  Log - Register test completed.
2025-06-20 23:11:08 [main] INFO  Log - Closing the Browser
2025-06-20 23:11:08 [main] INFO  Log - Setting up WebDriver...
2025-06-20 23:11:09 [main] INFO  Log - Navigating to test URL
2025-06-20 23:11:10 [main] INFO  Log - Starting register test...
2025-06-20 23:11:10 [main] INFO  Log - clicking Register page link
2025-06-20 23:11:11 [main] INFO  Log - Adding personal details
2025-06-20 23:11:11 [main] INFO  Log - Selecting gender...
2025-06-20 23:11:11 [main] INFO  Log - Adding company details
2025-06-20 23:11:11 [main] INFO  Log - unclick Newsletter button
2025-06-20 23:11:11 [main] INFO  Log - Adding Password
2025-06-20 23:11:11 [main] INFO  Log - Register test completed.
2025-06-20 23:11:11 [main] INFO  Log - Closing the Browser
2025-06-20 23:15:20 [main] INFO  Log - Setting up WebDriver...
2025-06-20 23:15:21 [main] INFO  Log - Navigating to test URL
2025-06-20 23:15:23 [main] INFO  Log - Starting register test...
2025-06-20 23:15:23 [main] INFO  Log - clicking Register page link
2025-06-20 23:15:23 [main] INFO  Log - Adding personal details
2025-06-20 23:15:23 [main] INFO  Log - Selecting gender...
2025-06-20 23:15:23 [main] INFO  Log - Adding company details
2025-06-20 23:15:23 [main] INFO  Log - unclick Newsletter button
2025-06-20 23:15:24 [main] INFO  Log - Adding Password
2025-06-20 23:15:24 [main] INFO  Log - Closing the Browser
2025-06-20 23:15:24 [main] INFO  Log - Setting up WebDriver...
2025-06-20 23:15:25 [main] INFO  Log - Navigating to test URL
2025-06-20 23:15:26 [main] INFO  Log - Starting register test...
2025-06-20 23:15:26 [main] INFO  Log - clicking Register page link
2025-06-20 23:15:26 [main] INFO  Log - Adding personal details
2025-06-20 23:15:26 [main] INFO  Log - Selecting gender...
2025-06-20 23:15:27 [main] INFO  Log - Adding company details
2025-06-20 23:15:27 [main] INFO  Log - unclick Newsletter button
2025-06-20 23:15:27 [main] INFO  Log - Adding Password
2025-06-20 23:15:27 [main] INFO  Log - Closing the Browser
2025-06-20 23:26:09 [main] INFO  Log - Setting up WebDriver...
2025-06-20 23:26:10 [main] INFO  Log - Navigating to test URL
2025-06-20 23:26:11 [main] INFO  Log - Starting register test...
2025-06-20 23:26:11 [main] INFO  Log - clicking Register page link
2025-06-20 23:26:12 [main] INFO  Log - Adding personal details
2025-06-20 23:26:12 [main] INFO  Log - Selecting gender...
2025-06-20 23:26:22 [main] INFO  Log - Setting up WebDriver...
2025-06-20 23:26:23 [main] INFO  Log - Navigating to test URL
2025-06-20 23:26:24 [main] INFO  Log - Starting register test...
2025-06-20 23:26:24 [main] INFO  Log - clicking Register page link
2025-06-20 23:26:25 [main] INFO  Log - Adding personal details
2025-06-20 23:26:25 [main] INFO  Log - Selecting gender...
2025-06-20 23:26:25 [main] INFO  Log - Adding company details
2025-06-20 23:26:25 [main] INFO  Log - unclick Newsletter button
2025-06-20 23:26:25 [main] INFO  Log - Adding Password
2025-06-20 23:26:36 [main] INFO  Log - Closing the Browser
2025-06-20 23:26:36 [main] INFO  Log - Setting up WebDriver...
2025-06-20 23:26:37 [main] INFO  Log - Navigating to test URL
2025-06-20 23:26:38 [main] INFO  Log - Starting register test...
2025-06-20 23:26:38 [main] INFO  Log - clicking Register page link
2025-06-20 23:26:38 [main] INFO  Log - Adding personal details
2025-06-20 23:26:38 [main] INFO  Log - Selecting gender...
2025-06-20 23:26:39 [main] INFO  Log - Adding company details
2025-06-20 23:26:39 [main] INFO  Log - unclick Newsletter button
2025-06-20 23:26:39 [main] INFO  Log - Adding Password
2025-06-20 23:26:49 [main] INFO  Log - Closing the Browser
2025-06-20 23:28:34 [main] INFO  Log - Setting up WebDriver...
2025-06-20 23:28:36 [main] INFO  Log - Navigating to test URL
2025-06-20 23:28:37 [main] INFO  Log - Starting register test...
2025-06-20 23:28:37 [main] INFO  Log - clicking Register page link
2025-06-20 23:28:38 [main] INFO  Log - Adding personal details
2025-06-20 23:28:38 [main] INFO  Log - Selecting gender...
2025-06-20 23:28:54 [main] INFO  Log - Setting up WebDriver...
2025-06-20 23:28:55 [main] INFO  Log - Navigating to test URL
2025-06-20 23:28:56 [main] INFO  Log - Starting register test...
2025-06-20 23:28:56 [main] INFO  Log - clicking Register page link
2025-06-20 23:28:57 [main] INFO  Log - Adding personal details
2025-06-20 23:28:57 [main] INFO  Log - Selecting gender...
2025-06-20 23:28:57 [main] INFO  Log - Adding company details
2025-06-20 23:28:57 [main] INFO  Log - unclick Newsletter button
2025-06-20 23:28:57 [main] INFO  Log - Adding Password
2025-06-20 23:29:08 [main] INFO  Log - Closing the Browser
2025-06-20 23:29:09 [main] INFO  Log - Setting up WebDriver...
2025-06-20 23:29:10 [main] INFO  Log - Navigating to test URL
2025-06-20 23:29:11 [main] INFO  Log - Starting register test...
2025-06-20 23:29:11 [main] INFO  Log - clicking Register page link
2025-06-20 23:29:12 [main] INFO  Log - Adding personal details
2025-06-20 23:29:12 [main] INFO  Log - Selecting gender...
2025-06-20 23:29:12 [main] INFO  Log - Adding company details
2025-06-20 23:29:12 [main] INFO  Log - unclick Newsletter button
2025-06-20 23:29:12 [main] INFO  Log - Adding Password
2025-06-20 23:30:29 [main] INFO  Log - Setting up WebDriver...
2025-06-20 23:30:30 [main] INFO  Log - Navigating to test URL
2025-06-20 23:30:31 [main] INFO  Log - Starting register test...
2025-06-20 23:30:31 [main] INFO  Log - clicking Register page link
2025-06-20 23:30:32 [main] INFO  Log - Adding personal details
2025-06-20 23:30:32 [main] INFO  Log - Selecting gender...
2025-06-20 23:30:41 [main] INFO  Log - Setting up WebDriver...
2025-06-20 23:30:43 [main] INFO  Log - Navigating to test URL
2025-06-20 23:30:44 [main] INFO  Log - Starting register test...
2025-06-20 23:30:44 [main] INFO  Log - clicking Register page link
2025-06-20 23:30:44 [main] INFO  Log - Adding personal details
2025-06-20 23:30:44 [main] INFO  Log - Selecting gender...
2025-06-20 23:30:45 [main] INFO  Log - Adding company details
2025-06-20 23:30:45 [main] INFO  Log - unclick Newsletter button
2025-06-20 23:30:45 [main] INFO  Log - Adding Password
2025-06-20 23:30:45 [main] INFO  Log - Closing the Browser
2025-06-20 23:30:45 [main] INFO  Log - Setting up WebDriver...
2025-06-20 23:30:46 [main] INFO  Log - Navigating to test URL
2025-06-20 23:30:47 [main] INFO  Log - Starting register test...
2025-06-20 23:30:47 [main] INFO  Log - clicking Register page link
2025-06-20 23:30:48 [main] INFO  Log - Adding personal details
2025-06-20 23:30:48 [main] INFO  Log - Selecting gender...
2025-06-20 23:30:48 [main] INFO  Log - Adding company details
2025-06-20 23:30:48 [main] INFO  Log - unclick Newsletter button
2025-06-20 23:30:48 [main] INFO  Log - Adding Password
2025-06-20 23:30:49 [main] INFO  Log - Closing the Browser
2025-06-20 23:32:38 [main] INFO  Log - Setting up WebDriver...
2025-06-20 23:32:39 [main] INFO  Log - Navigating to test URL
2025-06-20 23:32:40 [main] INFO  Log - Starting register test...
2025-06-20 23:32:40 [main] INFO  Log - clicking Register page link
2025-06-20 23:32:41 [main] INFO  Log - Adding personal details
2025-06-20 23:32:41 [main] INFO  Log - Selecting gender...
2025-06-20 23:32:59 [main] INFO  Log - Setting up WebDriver...
2025-06-20 23:33:01 [main] INFO  Log - Navigating to test URL
2025-06-20 23:33:02 [main] INFO  Log - Starting register test...
2025-06-20 23:33:02 [main] INFO  Log - clicking Register page link
2025-06-20 23:33:02 [main] INFO  Log - Adding personal details
2025-06-20 23:33:02 [main] INFO  Log - Selecting gender...
2025-06-20 23:33:11 [main] INFO  Log - Setting up WebDriver...
2025-06-20 23:33:12 [main] INFO  Log - Navigating to test URL
2025-06-20 23:33:13 [main] INFO  Log - Starting register test...
2025-06-20 23:33:13 [main] INFO  Log - clicking Register page link
2025-06-20 23:33:14 [main] INFO  Log - Adding personal details
2025-06-20 23:33:14 [main] INFO  Log - Selecting gender...
2025-06-20 23:33:14 [main] INFO  Log - Adding company details
2025-06-20 23:33:14 [main] INFO  Log - unclick Newsletter button
2025-06-20 23:33:14 [main] INFO  Log - Adding Password
2025-06-20 23:33:14 [main] INFO  Log - Closing the Browser
2025-06-20 23:33:14 [main] INFO  Log - Setting up WebDriver...
2025-06-20 23:33:15 [main] INFO  Log - Navigating to test URL
2025-06-20 23:33:16 [main] INFO  Log - Starting register test...
2025-06-20 23:33:16 [main] INFO  Log - clicking Register page link
2025-06-20 23:33:17 [main] INFO  Log - Adding personal details
2025-06-20 23:33:17 [main] INFO  Log - Selecting gender...
2025-06-20 23:33:17 [main] INFO  Log - Adding company details
2025-06-20 23:33:17 [main] INFO  Log - unclick Newsletter button
2025-06-20 23:33:17 [main] INFO  Log - Adding Password
2025-06-20 23:33:18 [main] INFO  Log - Closing the Browser
2025-06-20 23:38:18 [main] INFO  Log - Setting up WebDriver...
2025-06-20 23:38:19 [main] INFO  Log - Navigating to test URL
2025-06-20 23:38:20 [main] INFO  Log - Starting register test...
2025-06-20 23:38:20 [main] INFO  Log - clicking Register page link
2025-06-20 23:38:21 [main] INFO  Log - Adding personal details
2025-06-20 23:38:21 [main] INFO  Log - Selecting gender...
2025-06-20 23:38:32 [main] INFO  Log - Setting up WebDriver...
2025-06-20 23:38:33 [main] INFO  Log - Navigating to test URL
2025-06-20 23:38:34 [main] INFO  Log - Starting register test...
2025-06-20 23:38:34 [main] INFO  Log - clicking Register page link
2025-06-20 23:38:35 [main] INFO  Log - Adding personal details
2025-06-20 23:38:35 [main] INFO  Log - Selecting gender...
2025-06-20 23:38:44 [main] INFO  Log - Setting up WebDriver...
2025-06-20 23:38:45 [main] INFO  Log - Navigating to test URL
2025-06-20 23:38:46 [main] INFO  Log - Starting register test...
2025-06-20 23:38:46 [main] INFO  Log - clicking Register page link
2025-06-20 23:38:47 [main] INFO  Log - Adding personal details
2025-06-20 23:38:47 [main] INFO  Log - Selecting gender...
2025-06-20 23:38:47 [main] INFO  Log - Adding company details
2025-06-20 23:38:47 [main] INFO  Log - unclick Newsletter button
2025-06-20 23:38:47 [main] INFO  Log - Adding Password
2025-06-20 23:38:47 [main] INFO  Log - Closing the Browser
2025-06-20 23:38:47 [main] INFO  Log - Setting up WebDriver...
2025-06-20 23:38:48 [main] INFO  Log - Navigating to test URL
2025-06-20 23:38:49 [main] INFO  Log - Starting register test...
2025-06-20 23:38:49 [main] INFO  Log - clicking Register page link
2025-06-20 23:38:50 [main] INFO  Log - Adding personal details
2025-06-20 23:38:50 [main] INFO  Log - Selecting gender...
2025-06-20 23:38:50 [main] INFO  Log - Adding company details
2025-06-20 23:38:50 [main] INFO  Log - unclick Newsletter button
2025-06-20 23:38:50 [main] INFO  Log - Adding Password
2025-06-20 23:38:50 [main] INFO  Log - Closing the Browser
2025-06-20 23:42:33 [main] INFO  Log - Setting up WebDriver...
2025-06-20 23:42:34 [main] INFO  Log - Navigating to test URL
2025-06-20 23:42:35 [main] INFO  Log - Starting register test...
2025-06-20 23:42:35 [main] INFO  Log - clicking Register page link
2025-06-20 23:42:36 [main] INFO  Log - Adding personal details
2025-06-20 23:42:36 [main] INFO  Log - Selecting gender...
2025-06-20 23:42:37 [main] INFO  Log - Adding company details
2025-06-20 23:42:37 [main] INFO  Log - unclick Newsletter button
2025-06-20 23:42:37 [main] INFO  Log - Adding Password
2025-06-20 23:42:37 [main] INFO  Log - Closing the Browser
2025-06-20 23:42:37 [main] INFO  Log - Setting up WebDriver...
2025-06-20 23:42:38 [main] INFO  Log - Navigating to test URL
2025-06-20 23:42:39 [main] INFO  Log - Starting register test...
2025-06-20 23:42:39 [main] INFO  Log - clicking Register page link
2025-06-20 23:42:40 [main] INFO  Log - Adding personal details
2025-06-20 23:42:40 [main] INFO  Log - Selecting gender...
2025-06-20 23:42:40 [main] INFO  Log - Adding company details
2025-06-20 23:42:40 [main] INFO  Log - unclick Newsletter button
2025-06-20 23:42:40 [main] INFO  Log - Adding Password
2025-06-20 23:42:41 [main] INFO  Log - Closing the Browser
2025-06-24 23:33:59 [main] INFO  Log - Setting up WebDriver...
2025-06-24 23:34:01 [main] INFO  Log - Navigating to test URL
2025-06-24 23:34:03 [main] INFO  Log - clicking Register page link
2025-06-24 23:34:04 [main] INFO  Log - Selecting gender...
2025-06-24 23:34:37 [main] INFO  Log - Setting up WebDriver...
2025-06-24 23:34:38 [main] INFO  Log - Navigating to test URL
2025-06-24 23:34:40 [main] INFO  Log - clicking Register page link
2025-06-24 23:34:41 [main] INFO  Log - Selecting gender...
2025-06-24 23:34:53 [main] INFO  Log - Setting up WebDriver...
2025-06-24 23:34:54 [main] INFO  Log - Navigating to test URL
2025-06-24 23:34:55 [main] INFO  Log - clicking Register page link
2025-06-24 23:34:56 [main] INFO  Log - Selecting gender...
2025-06-24 23:35:06 [main] INFO  Log - Closing the Browser
2025-06-24 23:35:06 [main] INFO  Log - Setting up WebDriver...
2025-06-24 23:35:07 [main] INFO  Log - Navigating to test URL
2025-06-24 23:35:08 [main] INFO  Log - clicking Register page link
2025-06-24 23:35:09 [main] INFO  Log - Selecting gender...
2025-06-24 23:35:16 [main] INFO  Log - Setting up WebDriver...
2025-06-24 23:35:17 [main] INFO  Log - Navigating to test URL
2025-06-24 23:35:18 [main] INFO  Log - clicking Register page link
2025-06-24 23:35:19 [main] INFO  Log - Selecting gender...
2025-06-24 23:35:20 [main] INFO  Log - unclick Newsletter button
2025-06-24 23:35:20 [main] INFO  Log - Closing the Browser
2025-06-24 23:35:20 [main] INFO  Log - Setting up WebDriver...
2025-06-24 23:35:21 [main] INFO  Log - Navigating to test URL
2025-06-24 23:35:23 [main] INFO  Log - clicking Register page link
2025-06-24 23:35:23 [main] INFO  Log - Selecting gender...
2025-06-24 23:35:23 [main] INFO  Log - unclick Newsletter button
2025-06-24 23:35:24 [main] INFO  Log - Closing the Browser
2025-06-24 23:35:24 [main] INFO  Log - Setting up WebDriver...
2025-06-24 23:35:25 [main] INFO  Log - Navigating to test URL
2025-06-24 23:35:26 [main] INFO  Log - clicking Register page link
2025-06-24 23:35:26 [main] INFO  Log - Selecting gender...
2025-06-24 23:35:27 [main] INFO  Log - unclick Newsletter button
2025-06-24 23:35:27 [main] INFO  Log - Closing the Browser
2025-06-24 23:36:25 [main] INFO  Log - Setting up WebDriver...
2025-06-24 23:36:26 [main] INFO  Log - Navigating to test URL
2025-06-24 23:36:28 [main] INFO  Log - clicking Register page link
2025-06-24 23:36:28 [main] INFO  Log - Selecting gender...
2025-06-24 23:36:37 [main] INFO  Log - Setting up WebDriver...
2025-06-24 23:36:39 [main] INFO  Log - Navigating to test URL
2025-06-24 23:36:40 [main] INFO  Log - clicking Register page link
2025-06-24 23:36:40 [main] INFO  Log - Selecting gender...
2025-06-24 23:36:41 [main] INFO  Log - unclick Newsletter button
2025-06-24 23:36:41 [main] INFO  Log - Closing the Browser
2025-06-24 23:36:41 [main] INFO  Log - Setting up WebDriver...
2025-06-24 23:36:42 [main] INFO  Log - Navigating to test URL
2025-06-24 23:36:43 [main] INFO  Log - clicking Register page link
2025-06-24 23:36:44 [main] INFO  Log - Selecting gender...
2025-06-24 23:36:45 [main] INFO  Log - unclick Newsletter button
2025-06-24 23:36:45 [main] INFO  Log - Closing the Browser
2025-06-24 23:36:45 [main] INFO  Log - Setting up WebDriver...
2025-06-24 23:36:46 [main] INFO  Log - Navigating to test URL
2025-06-24 23:36:47 [main] INFO  Log - clicking Register page link
2025-06-24 23:36:48 [main] INFO  Log - Selecting gender...
2025-06-24 23:36:48 [main] INFO  Log - unclick Newsletter button
2025-06-24 23:36:48 [main] INFO  Log - Closing the Browser
2025-06-25 00:29:04 [main] INFO  Log - Setting up WebDriver...
2025-06-25 00:29:05 [main] INFO  Log - Navigating to test URL
2025-06-25 00:29:06 [main] INFO  Log - clicking Register page link
2025-06-25 00:29:18 [main] INFO  Log - Setting up WebDriver...
2025-06-25 00:29:19 [main] INFO  Log - Navigating to test URL
2025-06-25 00:29:21 [main] INFO  Log - clicking Register page link
2025-06-25 00:29:32 [main] INFO  Log - Closing the Browser
2025-06-25 00:29:32 [main] INFO  Log - Setting up WebDriver...
2025-06-25 00:29:33 [main] INFO  Log - Navigating to test URL
2025-06-25 00:29:34 [main] INFO  Log - clicking Register page link
2025-06-25 00:29:35 [main] INFO  Log - Selecting gender...
2025-06-25 00:29:35 [main] INFO  Log - unclick Newsletter button
2025-06-25 00:29:35 [main] INFO  Log - Closing the Browser
2025-06-25 00:29:35 [main] INFO  Log - Setting up WebDriver...
2025-06-25 00:29:36 [main] INFO  Log - Navigating to test URL
2025-06-25 00:29:37 [main] INFO  Log - clicking Register page link
2025-06-25 00:29:38 [main] INFO  Log - Selecting gender...
2025-06-25 00:29:38 [main] INFO  Log - unclick Newsletter button
2025-06-25 00:29:38 [main] INFO  Log - Closing the Browser
2025-06-25 00:29:38 [main] INFO  Log - Setting up WebDriver...
2025-06-25 00:29:39 [main] INFO  Log - Navigating to test URL
2025-06-25 00:29:40 [main] INFO  Log - clicking Register page link
2025-06-25 00:29:41 [main] INFO  Log - Selecting gender...
2025-06-25 00:29:41 [main] INFO  Log - unclick Newsletter button
2025-06-25 00:29:41 [main] INFO  Log - Closing the Browser
2025-06-25 00:45:29 [main] INFO  Log - Setting up WebDriver...
2025-06-25 00:45:30 [main] INFO  Log - Navigating to test URL
2025-06-25 00:45:32 [main] INFO  Log - clicking Register page link
2025-06-25 00:46:31 [main] INFO  Log - Setting up WebDriver...
2025-06-25 00:46:32 [main] INFO  Log - Navigating to test URL
2025-06-25 00:46:34 [main] INFO  Log - clicking Register page link
2025-06-25 00:46:41 [main] INFO  Log - Setting up WebDriver...
2025-06-25 00:46:42 [main] INFO  Log - Navigating to test URL
2025-06-25 00:46:43 [main] INFO  Log - clicking Register page link
2025-06-25 00:46:54 [main] INFO  Log - Closing the Browser
2025-06-25 00:46:54 [main] INFO  Log - Setting up WebDriver...
2025-06-25 00:46:55 [main] INFO  Log - Navigating to test URL
2025-06-25 00:46:56 [main] INFO  Log - clicking Register page link
2025-06-25 00:46:57 [main] INFO  Log - Selecting gender...
2025-06-25 00:46:58 [main] INFO  Log - unclick Newsletter button
2025-06-25 00:46:58 [main] INFO  Log - Closing the Browser
2025-06-25 00:46:58 [main] INFO  Log - Setting up WebDriver...
2025-06-25 00:46:59 [main] INFO  Log - Navigating to test URL
2025-06-25 00:47:00 [main] INFO  Log - clicking Register page link
2025-06-25 00:47:00 [main] INFO  Log - Selecting gender...
2025-06-25 00:47:01 [main] INFO  Log - unclick Newsletter button
2025-06-25 00:47:01 [main] INFO  Log - Closing the Browser
2025-06-25 00:47:01 [main] INFO  Log - Setting up WebDriver...
2025-06-25 00:47:02 [main] INFO  Log - Navigating to test URL
2025-06-25 00:47:03 [main] INFO  Log - clicking Register page link
2025-06-25 00:47:04 [main] INFO  Log - Selecting gender...
2025-06-25 00:47:04 [main] INFO  Log - unclick Newsletter button
2025-06-25 00:47:04 [main] INFO  Log - Closing the Browser
2025-06-25 00:49:50 [main] INFO  Log - Setting up WebDriver...
2025-06-25 00:49:51 [main] INFO  Log - Navigating to test URL
2025-06-25 00:49:52 [main] INFO  Log - clicking Register page link
2025-06-25 00:50:03 [main] INFO  Log - Closing the Browser
2025-06-25 00:50:03 [main] INFO  Log - Setting up WebDriver...
2025-06-25 00:50:04 [main] INFO  Log - Navigating to test URL
2025-06-25 00:50:06 [main] INFO  Log - clicking Register page link
2025-06-25 00:50:06 [main] INFO  Log - Selecting gender...
2025-06-25 00:50:06 [main] INFO  Log - unclick Newsletter button
2025-06-25 00:50:07 [main] INFO  Log - Closing the Browser
2025-06-25 00:50:07 [main] INFO  Log - Setting up WebDriver...
2025-06-25 00:50:08 [main] INFO  Log - Navigating to test URL
2025-06-25 00:50:09 [main] INFO  Log - clicking Register page link
2025-06-25 00:50:10 [main] INFO  Log - Selecting gender...
2025-06-25 00:50:10 [main] INFO  Log - unclick Newsletter button
2025-06-25 00:50:10 [main] INFO  Log - Closing the Browser
2025-06-25 00:50:11 [main] INFO  Log - Setting up WebDriver...
2025-06-25 00:50:11 [main] INFO  Log - Navigating to test URL
2025-06-25 00:50:12 [main] INFO  Log - clicking Register page link
2025-06-25 00:50:13 [main] INFO  Log - Selecting gender...
2025-06-25 00:50:14 [main] INFO  Log - unclick Newsletter button
2025-06-25 00:50:14 [main] INFO  Log - Closing the Browser
2025-06-25 00:51:44 [main] INFO  Log - Setting up WebDriver...
2025-06-25 00:51:46 [main] INFO  Log - Navigating to test URL
2025-06-25 00:51:47 [main] INFO  Log - clicking Register page link
2025-06-25 00:51:58 [main] INFO  Log - Closing the Browser
2025-06-25 00:51:58 [main] INFO  Log - Setting up WebDriver...
2025-06-25 00:51:59 [main] INFO  Log - Navigating to test URL
2025-06-25 00:52:00 [main] INFO  Log - clicking Register page link
2025-06-25 00:52:01 [main] INFO  Log - Selecting gender...
2025-06-25 00:52:01 [main] INFO  Log - unclick Newsletter button
2025-06-25 00:52:01 [main] INFO  Log - Closing the Browser
2025-06-25 00:52:01 [main] INFO  Log - Setting up WebDriver...
2025-06-25 00:52:02 [main] INFO  Log - Navigating to test URL
2025-06-25 00:52:03 [main] INFO  Log - clicking Register page link
2025-06-25 00:52:04 [main] INFO  Log - Selecting gender...
2025-06-25 00:52:04 [main] INFO  Log - unclick Newsletter button
2025-06-25 00:52:04 [main] INFO  Log - Closing the Browser
2025-06-25 00:52:04 [main] INFO  Log - Setting up WebDriver...
2025-06-25 00:52:05 [main] INFO  Log - Navigating to test URL
2025-06-25 00:52:06 [main] INFO  Log - clicking Register page link
2025-06-25 00:52:07 [main] INFO  Log - Selecting gender...
2025-06-25 00:52:07 [main] INFO  Log - unclick Newsletter button
2025-06-25 00:52:07 [main] INFO  Log - Closing the Browser
2025-06-25 00:54:11 [main] INFO  Log - Setting up WebDriver...
2025-06-25 00:54:12 [main] INFO  Log - Navigating to test URL
2025-06-25 00:54:13 [main] INFO  Log - clicking Register page link
2025-06-25 00:54:14 [main] INFO  Log - Closing the Browser
2025-06-25 00:54:14 [main] INFO  Log - Setting up WebDriver...
2025-06-25 00:54:15 [main] INFO  Log - Navigating to test URL
2025-06-25 00:54:16 [main] INFO  Log - clicking Register page link
2025-06-25 00:54:17 [main] INFO  Log - Selecting gender...
2025-06-25 00:54:17 [main] INFO  Log - unclick Newsletter button
2025-06-25 00:54:17 [main] INFO  Log - Closing the Browser
2025-06-25 00:54:17 [main] INFO  Log - Setting up WebDriver...
2025-06-25 00:54:18 [main] INFO  Log - Navigating to test URL
2025-06-25 00:54:19 [main] INFO  Log - clicking Register page link
2025-06-25 00:54:21 [main] INFO  Log - Selecting gender...
2025-06-25 00:54:21 [main] INFO  Log - unclick Newsletter button
2025-06-25 00:54:21 [main] INFO  Log - Closing the Browser
2025-06-25 00:54:21 [main] INFO  Log - Setting up WebDriver...
2025-06-25 00:54:22 [main] INFO  Log - Navigating to test URL
2025-06-25 00:54:23 [main] INFO  Log - clicking Register page link
2025-06-25 00:54:24 [main] INFO  Log - Selecting gender...
2025-06-25 00:54:25 [main] INFO  Log - unclick Newsletter button
2025-06-25 00:54:25 [main] INFO  Log - Closing the Browser
2025-06-25 22:49:00 [main] INFO  Log - Setting up WebDriver...
2025-06-25 22:49:02 [main] INFO  Log - Navigating to test URL
2025-06-25 22:49:04 [main] INFO  Log - clicking Register page link
2025-06-25 22:49:05 [main] INFO  Log - Closing the Browser
2025-06-25 22:49:05 [main] INFO  Log - Setting up WebDriver...
2025-06-25 22:49:06 [main] INFO  Log - Navigating to test URL
2025-06-25 22:49:07 [main] INFO  Log - clicking Register page link
2025-06-25 22:49:08 [main] INFO  Log - Selecting gender...
2025-06-25 22:49:08 [main] INFO  Log - unclick Newsletter button
2025-06-25 22:49:08 [main] INFO  Log - Closing the Browser
2025-06-25 22:49:08 [main] INFO  Log - Setting up WebDriver...
2025-06-25 22:49:09 [main] INFO  Log - Navigating to test URL
2025-06-25 22:49:10 [main] INFO  Log - clicking Register page link
2025-06-25 22:49:11 [main] INFO  Log - Selecting gender...
2025-06-25 22:49:21 [main] INFO  Log - Closing the Browser
2025-06-25 22:49:21 [main] INFO  Log - Setting up WebDriver...
2025-06-25 22:49:22 [main] INFO  Log - Navigating to test URL
2025-06-25 22:49:23 [main] INFO  Log - clicking Register page link
2025-06-25 22:49:24 [main] INFO  Log - Selecting gender...
2025-06-25 22:49:24 [main] INFO  Log - unclick Newsletter button
2025-06-25 22:49:24 [main] INFO  Log - Closing the Browser
2025-07-04 23:15:04 [main] INFO  Log - Setting up WebDriver...
2025-07-04 23:15:07 [main] INFO  Log - Navigating to test URL
2025-07-04 23:15:09 [main] INFO  Log - Clicking Login page link...
2025-07-04 23:15:09 [main] INFO  Log - Entering email address
2025-07-04 23:15:19 [main] INFO  Log - Closing the Browser
2025-07-04 23:15:31 [main] INFO  Log - Setting up WebDriver...
2025-07-04 23:15:32 [main] INFO  Log - Navigating to test URL
2025-07-04 23:15:33 [main] INFO  Log - Clicking Login page link...
2025-07-04 23:15:34 [main] INFO  Log - Entering email address
2025-07-04 23:15:44 [main] INFO  Log - Setting up WebDriver...
2025-07-04 23:15:45 [main] INFO  Log - Navigating to test URL
2025-07-04 23:15:47 [main] INFO  Log - Clicking Login page link...
2025-07-04 23:15:47 [main] INFO  Log - Entering email address
2025-07-04 23:15:59 [main] INFO  Log - Setting up WebDriver...
2025-07-04 23:16:00 [main] INFO  Log - Navigating to test URL
2025-07-04 23:16:01 [main] INFO  Log - Clicking Login page link...
2025-07-04 23:16:02 [main] INFO  Log - Entering email address
2025-07-04 23:16:03 [main] INFO  Log - Entering password
2025-07-04 23:16:03 [main] INFO  Log - Clicking show password
2025-07-04 23:16:03 [main] INFO  Log - Closing the Browser
2025-07-21 17:50:31 [main] INFO  Log - Setting up WebDriver...
2025-07-21 17:50:34 [main] INFO  Log - Navigating to test URL
2025-07-21 17:50:35 [main] INFO  Log - Clicking Login page link...
2025-07-21 17:50:36 [main] INFO  Log - Entering email address
2025-07-21 17:50:36 [main] INFO  Log - Entering password
2025-07-21 17:50:36 [main] INFO  Log - Clicking show password
2025-07-21 17:50:36 [main] INFO  Log - Closing the Browser
2025-07-21 17:51:59 [main] INFO  Log - Setting up WebDriver...
2025-07-21 17:52:00 [main] INFO  Log - Navigating to test URL
2025-07-21 17:52:01 [main] INFO  Log - Clicking Login page link...
2025-07-21 17:52:02 [main] INFO  Log - Entering email address
2025-07-21 17:52:17 [main] INFO  Log - Setting up WebDriver...
2025-07-21 17:52:18 [main] INFO  Log - Navigating to test URL
2025-07-21 17:52:20 [main] INFO  Log - Clicking Login page link...
2025-07-21 17:52:20 [main] INFO  Log - Entering email address
2025-07-21 17:52:31 [main] INFO  Log - Closing the Browser
2025-07-21 17:52:39 [main] INFO  Log - Setting up WebDriver...
2025-07-21 17:52:41 [main] INFO  Log - Navigating to test URL
2025-07-21 17:52:42 [main] INFO  Log - Clicking Login page link...
2025-07-21 17:52:42 [main] INFO  Log - Entering email address
2025-07-21 17:52:43 [main] INFO  Log - Entering password
2025-07-21 17:52:43 [main] INFO  Log - Clicking show password
2025-07-21 17:52:43 [main] INFO  Log - Clicking Log in button
2025-07-21 17:52:43 [main] INFO  Log - Closing the Browser
2025-07-21 17:54:26 [main] INFO  Log - Setting up WebDriver...
2025-07-21 17:54:28 [main] INFO  Log - Navigating to test URL
2025-07-21 17:54:30 [main] INFO  Log - clicking Register page link
2025-07-21 17:54:38 [main] INFO  Log - Setting up WebDriver...
2025-07-21 17:54:40 [main] INFO  Log - Navigating to test URL
2025-07-21 17:54:41 [main] INFO  Log - clicking Register page link
2025-07-21 17:54:49 [main] INFO  Log - Setting up WebDriver...
2025-07-21 17:54:50 [main] INFO  Log - Navigating to test URL
2025-07-21 17:54:51 [main] INFO  Log - clicking Register page link
2025-07-21 17:55:02 [main] INFO  Log - Closing the Browser
2025-07-21 17:55:02 [main] INFO  Log - Setting up WebDriver...
2025-07-21 17:55:03 [main] INFO  Log - Navigating to test URL
2025-07-21 17:55:04 [main] INFO  Log - clicking Register page link
2025-07-21 17:55:05 [main] INFO  Log - Selecting gender...
2025-07-21 17:55:05 [main] INFO  Log - unclick Newsletter button
2025-07-21 17:55:06 [main] INFO  Log - Closing the Browser
2025-07-21 17:55:06 [main] INFO  Log - Setting up WebDriver...
2025-07-21 17:55:07 [main] INFO  Log - Navigating to test URL
2025-07-21 17:55:08 [main] INFO  Log - clicking Register page link
2025-07-21 17:55:08 [main] INFO  Log - Selecting gender...
2025-07-21 17:55:09 [main] INFO  Log - unclick Newsletter button
2025-07-21 17:55:09 [main] INFO  Log - Closing the Browser
2025-07-21 17:55:09 [main] INFO  Log - Setting up WebDriver...
2025-07-21 17:55:10 [main] INFO  Log - Navigating to test URL
2025-07-21 17:55:11 [main] INFO  Log - clicking Register page link
2025-07-21 17:55:11 [main] INFO  Log - Selecting gender...
2025-07-21 17:55:12 [main] INFO  Log - unclick Newsletter button
2025-07-21 17:55:12 [main] INFO  Log - Closing the Browser
2025-07-21 17:55:22 [main] INFO  Log - Setting up WebDriver...
2025-07-21 17:55:23 [main] INFO  Log - Navigating to test URL
2025-07-21 17:55:24 [main] INFO  Log - clicking Register page link
2025-07-21 17:55:25 [main] INFO  Log - Closing the Browser
2025-07-21 17:55:25 [main] INFO  Log - Setting up WebDriver...
2025-07-21 17:55:25 [main] INFO  Log - Navigating to test URL
2025-07-21 17:55:27 [main] INFO  Log - clicking Register page link
2025-07-21 17:55:27 [main] INFO  Log - Selecting gender...
2025-07-21 17:55:27 [main] INFO  Log - unclick Newsletter button
2025-07-21 17:55:28 [main] INFO  Log - Closing the Browser
2025-07-21 17:55:28 [main] INFO  Log - Setting up WebDriver...
2025-07-21 17:55:29 [main] INFO  Log - Navigating to test URL
2025-07-21 17:55:30 [main] INFO  Log - clicking Register page link
2025-07-21 17:55:31 [main] INFO  Log - Selecting gender...
2025-07-21 17:55:44 [main] INFO  Log - Setting up WebDriver...
2025-07-21 17:55:46 [main] INFO  Log - Navigating to test URL
2025-07-21 17:55:47 [main] INFO  Log - clicking Register page link
2025-07-21 17:55:59 [main] INFO  Log - Setting up WebDriver...
2025-07-21 17:56:00 [main] INFO  Log - Navigating to test URL
2025-07-21 17:56:02 [main] INFO  Log - clicking Register page link
2025-07-21 17:56:19 [main] INFO  Log - Setting up WebDriver...
2025-07-21 17:56:20 [main] INFO  Log - Navigating to test URL
2025-07-21 17:56:22 [main] INFO  Log - clicking Register page link
2025-07-21 17:56:23 [main] INFO  Log - Closing the Browser
2025-07-21 17:56:24 [main] INFO  Log - Setting up WebDriver...
2025-07-21 17:56:24 [main] INFO  Log - Navigating to test URL
2025-07-21 17:56:26 [main] INFO  Log - clicking Register page link
2025-07-21 17:56:27 [main] INFO  Log - Selecting gender...
2025-07-21 17:56:27 [main] INFO  Log - unclick Newsletter button
2025-07-21 17:56:27 [main] INFO  Log - Closing the Browser
2025-07-21 17:56:27 [main] INFO  Log - Setting up WebDriver...
2025-07-21 17:56:28 [main] INFO  Log - Navigating to test URL
2025-07-21 17:56:29 [main] INFO  Log - clicking Register page link
2025-07-21 17:56:30 [main] INFO  Log - Selecting gender...
2025-07-21 17:56:31 [main] INFO  Log - unclick Newsletter button
2025-07-21 17:56:31 [main] INFO  Log - Closing the Browser
2025-07-21 17:56:31 [main] INFO  Log - Setting up WebDriver...
2025-07-21 17:56:32 [main] INFO  Log - Navigating to test URL
2025-07-21 17:56:33 [main] INFO  Log - clicking Register page link
2025-07-21 17:56:34 [main] INFO  Log - Selecting gender...
2025-07-21 17:56:34 [main] INFO  Log - unclick Newsletter button
2025-07-21 17:56:34 [main] INFO  Log - Closing the Browser
2025-07-21 17:56:46 [main] INFO  Log - Setting up WebDriver...
2025-07-21 17:56:47 [main] INFO  Log - Navigating to test URL
2025-07-21 17:56:48 [main] INFO  Log - Clicking Login page link...
2025-07-21 17:56:49 [main] INFO  Log - Entering email address
2025-07-21 17:56:59 [main] INFO  Log - Setting up WebDriver...
2025-07-21 17:57:00 [main] INFO  Log - Navigating to test URL
2025-07-21 17:57:01 [main] INFO  Log - Clicking Login page link...
2025-07-21 17:57:02 [main] INFO  Log - Entering email address
2025-07-21 17:57:11 [main] INFO  Log - Setting up WebDriver...
2025-07-21 17:57:12 [main] INFO  Log - Navigating to test URL
2025-07-21 17:57:13 [main] INFO  Log - Clicking Login page link...
2025-07-21 17:57:14 [main] INFO  Log - Entering email address
2025-07-21 17:57:14 [main] INFO  Log - Entering password
2025-07-21 17:57:14 [main] INFO  Log - Clicking show password
2025-07-21 17:57:14 [main] INFO  Log - Clicking Log in button
2025-07-21 17:57:14 [main] INFO  Log - Closing the Browser
2025-07-21 18:08:54 [main] INFO  Log - Setting up WebDriver...
2025-07-21 18:08:55 [main] INFO  Log - Navigating to test URL
2025-07-21 18:08:57 [main] INFO  Log - clicking Register page link
2025-07-21 18:08:57 [main] INFO  Log - Closing the Browser
2025-07-21 18:08:58 [main] INFO  Log - Setting up WebDriver...
2025-07-21 18:08:58 [main] INFO  Log - Navigating to test URL
2025-07-21 18:09:00 [main] INFO  Log - clicking Register page link
2025-07-21 18:09:01 [main] INFO  Log - Selecting gender...
2025-07-21 18:09:01 [main] INFO  Log - unclick Newsletter button
2025-07-21 18:09:01 [main] INFO  Log - Closing the Browser
2025-07-21 18:09:02 [main] INFO  Log - Setting up WebDriver...
2025-07-21 18:09:02 [main] INFO  Log - Navigating to test URL
2025-07-21 18:09:04 [main] INFO  Log - clicking Register page link
2025-07-21 18:09:04 [main] INFO  Log - Selecting gender...
2025-07-21 18:09:05 [main] INFO  Log - unclick Newsletter button
2025-07-21 18:09:05 [main] INFO  Log - Closing the Browser
2025-07-21 18:09:05 [main] INFO  Log - Setting up WebDriver...
2025-07-21 18:09:06 [main] INFO  Log - Navigating to test URL
2025-07-21 18:09:07 [main] INFO  Log - clicking Register page link
2025-07-21 18:09:07 [main] INFO  Log - Selecting gender...
2025-07-21 18:09:08 [main] INFO  Log - unclick Newsletter button
2025-07-21 18:09:08 [main] INFO  Log - Closing the Browser
2025-07-21 18:09:22 [main] INFO  Log - Setting up WebDriver...
2025-07-21 18:09:24 [main] INFO  Log - Navigating to test URL
2025-07-21 18:09:25 [main] INFO  Log - Clicking Login page link...
2025-07-21 18:09:26 [main] INFO  Log - Entering email address
2025-07-21 18:09:36 [main] INFO  Log - Closing the Browser
2025-07-21 18:10:18 [main] INFO  Log - Setting up WebDriver...
2025-07-21 18:10:19 [main] INFO  Log - Navigating to test URL
2025-07-21 18:10:20 [main] INFO  Log - Clicking Login page link...
2025-07-21 18:10:21 [main] INFO  Log - Entering email address
2025-07-21 18:10:41 [main] INFO  Log - Setting up WebDriver...
2025-07-21 18:10:42 [main] INFO  Log - Navigating to test URL
2025-07-21 18:10:43 [main] INFO  Log - Clicking Login page link...
2025-07-21 18:10:44 [main] INFO  Log - Entering email address
2025-07-21 18:10:44 [main] INFO  Log - Entering password
2025-07-21 18:10:44 [main] INFO  Log - Clicking show password
2025-07-21 18:10:44 [main] INFO  Log - Clicking Log in button
2025-07-21 18:10:44 [main] INFO  Log - Closing the Browser
2025-07-21 18:22:01 [main] INFO  Log - Setting up WebDriver...
2025-07-21 18:22:02 [main] INFO  Log - Navigating to test URL
2025-07-21 18:22:03 [main] INFO  Log - clicking Register page link
2025-07-21 18:22:04 [main] INFO  Log - Closing the Browser
2025-07-21 18:22:04 [main] INFO  Log - Setting up WebDriver...
2025-07-21 18:22:05 [main] INFO  Log - Navigating to test URL
2025-07-21 18:22:06 [main] INFO  Log - clicking Register page link
2025-07-21 18:22:07 [main] INFO  Log - Selecting gender...
2025-07-21 18:22:08 [main] INFO  Log - unclick Newsletter button
2025-07-21 18:22:08 [main] INFO  Log - Closing the Browser
2025-07-21 18:22:08 [main] INFO  Log - Setting up WebDriver...
2025-07-21 18:22:09 [main] INFO  Log - Navigating to test URL
2025-07-21 18:22:11 [main] INFO  Log - clicking Register page link
2025-07-21 18:22:12 [main] INFO  Log - Selecting gender...
2025-07-21 18:24:58 [main] INFO  Log - Setting up WebDriver...
2025-07-21 18:24:59 [main] INFO  Log - Navigating to test URL
2025-07-21 18:25:01 [main] INFO  Log - Clicking Login page link...
2025-07-21 18:25:01 [main] INFO  Log - Entering email address
2025-07-21 18:25:12 [main] INFO  Log - Closing the Browser
2025-07-21 18:25:21 [main] INFO  Log - Setting up WebDriver...
2025-07-21 18:25:22 [main] INFO  Log - Navigating to test URL
2025-07-21 18:25:24 [main] INFO  Log - Clicking Login page link...
2025-07-21 18:25:24 [main] INFO  Log - Entering email address
2025-07-21 18:25:24 [main] INFO  Log - Entering password
2025-07-21 18:25:24 [main] INFO  Log - Clicking show password
2025-07-21 18:25:24 [main] INFO  Log - Clicking Log in button
2025-07-21 18:25:24 [main] INFO  Log - Closing the Browser
2025-07-21 18:26:44 [main] INFO  Log - Setting up WebDriver...
2025-07-21 18:26:46 [main] INFO  Log - Navigating to test URL
2025-07-21 18:26:47 [main] INFO  Log - Clicking Login page link...
2025-07-21 18:26:48 [main] INFO  Log - Entering email address
2025-07-21 18:26:48 [main] INFO  Log - Entering password
2025-07-21 18:26:48 [main] INFO  Log - Clicking show password
2025-07-21 18:26:48 [main] INFO  Log - Clicking Log in button
2025-07-21 18:26:48 [main] INFO  Log - Closing the Browser
2025-07-21 18:27:02 [main] INFO  Log - Setting up WebDriver...
2025-07-21 18:27:03 [main] INFO  Log - Navigating to test URL
2025-07-21 18:27:04 [main] INFO  Log - Clicking Login page link...
2025-07-21 18:27:05 [main] INFO  Log - Entering email address
2025-07-21 18:27:05 [main] INFO  Log - Entering password
2025-07-21 18:27:05 [main] INFO  Log - Clicking show password
2025-07-21 18:27:05 [main] INFO  Log - Clicking Log in button
2025-07-21 18:27:05 [main] INFO  Log - Closing the Browser
2025-07-21 18:27:19 [main] INFO  Log - Setting up WebDriver...
2025-07-21 18:27:20 [main] INFO  Log - Navigating to test URL
2025-07-21 18:27:21 [main] INFO  Log - Clicking Login page link...
2025-07-21 18:27:22 [main] INFO  Log - Entering email address
2025-07-21 18:27:22 [main] INFO  Log - Entering password
2025-07-21 18:27:22 [main] INFO  Log - Clicking show password
2025-07-21 18:27:22 [main] INFO  Log - Clicking Log in button
2025-07-21 18:27:22 [main] INFO  Log - Closing the Browser
2025-07-21 18:27:44 [main] INFO  Log - Setting up WebDriver...
2025-07-21 18:27:45 [main] INFO  Log - Navigating to test URL
2025-07-21 18:27:47 [main] INFO  Log - Clicking Login page link...
2025-07-21 18:27:47 [main] INFO  Log - Entering email address
2025-07-21 18:28:05 [main] INFO  Log - Setting up WebDriver...
2025-07-21 18:28:06 [main] INFO  Log - Navigating to test URL
2025-07-21 18:28:08 [main] INFO  Log - Clicking Login page link...
2025-07-21 18:28:08 [main] INFO  Log - Entering email address
2025-07-21 18:28:08 [main] INFO  Log - Entering password
2025-07-21 18:28:09 [main] INFO  Log - Clicking show password
2025-07-21 18:28:09 [main] INFO  Log - Clicking Log in button
2025-07-21 18:28:09 [main] INFO  Log - Closing the Browser
